{
  "RSpec": {
    "coverage": {
      "/home/jovial-architect-2225/tic-tac-toe-rb-ruby-apply-000/lib/tic_tac_toe.rb": [
        null,
        null,
        1,
        null,
        null,
        null,
        null,
        null,
        null,
        null,
        null,
        null,
        1,
        4,
        4,
        4,
        4,
        4,
        null,
        null,
        null,
        null,
        1,
        6,
        null,
        null,
        null,
        null,
        1,
        17,
        7,
        10,
        0,
        10,
        0,
        10,
        10,
        null,
        null,
        null,
        null,
        null,
        1,
        6,
        3,
        3,
        3,
        null,
        null,
        null,
        null,
        1,
        5,
        null,
        null,
        null,
        1,
        3,
        3,
        3,
        3,
        2,
        2,
        null,
        1,
        null,
        null,
        null,
        null,
        1,
        2,
        2,
        18,
        5,
        null,
        null,
        2,
        null,
        null,
        null,
        1,
        1,
        1,
        null,
        0,
        null,
        null,
        null,
        1,
        12,
        82,
        82,
        82,
        null,
        82,
        82,
        82,
        null,
        82,
        7,
        null,
        null,
        null,
        5,
        null,
        null,
        null,
        1,
        62,
        4,
        null,
        5,
        null,
        null,
        null,
        null,
        1,
        6,
        1,
        null,
        5,
        null,
        null,
        null,
        null,
        1,
        3,
        2,
        null,
        1,
        null,
        null,
        null,
        null,
        1,
        3,
        2,
        null,
        null,
        null,
        null,
        null
      ]
    },
    "timestamp": 1592666574
  }
}
