{
  "RSpec": {
    "coverage": {
      "/home/jovial-architect-2225/tic-tac-toe-rb-ruby-apply-000/lib/tic_tac_toe.rb": [
        null,
        null,
        1,
        null,
        null,
        null,
        null,
        null,
        null,
        null,
        null,
        null,
        1,
        11,
        11,
        11,
        11,
        11,
        null,
        null,
        null,
        null,
        1,
        13,
        null,
        null,
        null,
        null,
        1,
        43,
        28,
        15,
        0,
        15,
        0,
        15,
        15,
        null,
        null,
        null,
        null,
        null,
        1,
        13,
        3,
        10,
        10,
        null,
        null,
        null,
        null,
        1,
        12,
        null,
        null,
        null,
        1,
        10,
        10,
        10,
        10,
        9,
        9,
        null,
        1,
        null,
        null,
        null,
        null,
        1,
        2,
        2,
        18,
        5,
        null,
        null,
        2,
        null,
        null,
        null,
        1,
        1,
        1,
        null,
        0,
        null,
        null,
        null,
        1,
        20,
        111,
        111,
        111,
        null,
        111,
        111,
        111,
        null,
        111,
        12,
        null,
        null,
        null,
        8,
        null,
        null,
        null,
        1,
        62,
        4,
        null,
        5,
        null,
        null,
        null,
        null,
        1,
        6,
        1,
        null,
        5,
        null,
        null,
        null,
        null,
        1,
        3,
        2,
        null,
        1,
        null,
        null,
        null,
        null,
        1,
        5,
        4,
        null,
        null,
        null,
        null,
        1,
        4,
        7,
        null,
        4,
        1,
        1,
        null,
        3,
        3,
        null,
        null
      ]
    },
    "timestamp": 1592667907
  }
}
